Converse/Charm++ Commit ID: v6.8.0-57-g5705b64-namd-charm-6.8.0-build-2017-Sep-12-21260
Warning> Randomization of virtual memory (ASLR) is turned on in the kernel, thread migration may not work! Run 'echo 0 > /proc/sys/kernel/randomize_va_space' as root to disable it, or try running with '+isomalloc_sync'.
Charm++> scheduler running in netpoll mode.
CharmLB> Load balancer assumes all CPUs are same.
Charm++> Running on 1 unique compute nodes (16-way SMP).
Charm++> cpu topology info is gathered in 0.134 seconds.
Info: NAMD 2.12 for Linux-x86_64-netlrts
Info: 
Info: Please visit http://www.ks.uiuc.edu/Research/namd/
Info: for updates, documentation, and support information.
Info: 
Info: Please cite Phillips et al., J. Comp. Chem. 26:1781-1802 (2005)
Info: in all publications reporting results obtained with NAMD.
Info: 
Info: Based on Charm++/Converse 60800 for netlrts-linux-x86_64-iccstatic
Info: Built Thu Sep 28 14:19:27 CDT 2017 by dhardy on athine.ks.uiuc.edu
Info: 1 NAMD  2.12  Linux-x86_64-netlrts  16    juneau.ks.uiuc.edu  steven
Info: Running on 16 processors, 16 nodes, 1 physical nodes.
Info: CPU topology information available.
Info: Charm++/Converse parallel runtime startup completed at 0.15002 s
Info: 47.2969 MB of memory in use based on /proc/self/stat
Info: Configuration file is apoA1/namd/txmd/r1.namd
Info: Changed directory to apoA1/namd/txmd
=== Ts = 300 325.0
TCL: Suspending until startup complete.
BUILT WITH DH MASS MODIFICATION
Info: SIMULATION PARAMETERS:
Info: TIMESTEP               2
Info: NUMBER OF STEPS        0
Info: STEPS PER CYCLE        20
Info: PERIODIC CELL BASIS 1  108.86 0 0
Info: PERIODIC CELL BASIS 2  0 108.86 0
Info: PERIODIC CELL BASIS 3  0 0 77.758
Info: PERIODIC CELL CENTER   0 0 0
Info: WRAPPING WATERS AROUND PERIODIC BOUNDARIES ON OUTPUT.
Info: WRAPPING ALL CLUSTERS AROUND PERIODIC BOUNDARIES ON OUTPUT.
Info: LOAD BALANCER  Centralized
Info: LOAD BALANCING STRATEGY  New Load Balancers -- DEFAULT
Info: LDB PERIOD             4000 steps
Info: FIRST LDB TIMESTEP     100
Info: LAST LDB TIMESTEP     -1
Info: LDB BACKGROUND SCALING 1
Info: HOM BACKGROUND SCALING 1
Info: PME BACKGROUND SCALING 1
Info: MIN ATOMS PER PATCH    40
Info: INITIAL TEMPERATURE    300
Info: CENTER OF MASS MOVING INITIALLY? NO
Info: DIELECTRIC             1
Info: EXCLUDE                SCALED ONE-FOUR
Info: 1-4 ELECTROSTATICS SCALED BY 1
Info: MODIFIED 1-4 VDW PARAMETERS WILL BE USED
Info: DCD FILENAME           ../output/md1/0/md1.0.dcd
Info: DCD FREQUENCY          100
Info: DCD FIRST STEP         100
Info: DCD FILE WILL CONTAIN UNIT CELL DATA
Info: XST FILENAME           ../output/md1/0/md1.0.xst
Info: XST FREQUENCY          100
Info: NO VELOCITY DCD OUTPUT
Info: NO FORCE DCD OUTPUT
Info: OUTPUT FILENAME        ../output/md1/0/md1.0
Info: BINARY OUTPUT FILES WILL BE USED
Info: RESTART FILENAME       ../output/md1/0/md1.0.restart
Info: RESTART FREQUENCY      100
Info: BINARY RESTART FILES WILL BE USED
Info: SWITCHING ACTIVE
Info: VDW FORCE SWITCHING ACTIVE
Info: SWITCHING ON           10
Info: SWITCHING OFF          12
Info: PAIRLIST DISTANCE      13.5
Info: PAIRLIST SHRINK RATE   0.01
Info: PAIRLIST GROW RATE     0.01
Info: PAIRLIST TRIGGER       0.3
Info: PAIRLISTS PER CYCLE    2
Info: PAIRLISTS ENABLED
Info: MARGIN                 0.48
Info: HYDROGEN GROUP CUTOFF  2.5
Info: PATCH DIMENSION        16.48
Info: ENERGY OUTPUT STEPS    100
Info: CROSSTERM ENERGY INCLUDED IN DIHEDRAL
Info: TIMING OUTPUT STEPS    1000
Info: PRESSURE OUTPUT STEPS  100
Info: LANGEVIN DYNAMICS ACTIVE
Info: LANGEVIN TEMPERATURE   300
Info: LANGEVIN USING BBK INTEGRATOR
Info: LANGEVIN DAMPING COEFFICIENT IS 1 INVERSE PS
Info: LANGEVIN DYNAMICS NOT APPLIED TO HYDROGENS
Info: LANGEVIN PISTON PRESSURE CONTROL ACTIVE
Info:        TARGET PRESSURE IS 1.01325 BAR
Info:     OSCILLATION PERIOD IS 200 FS
Info:             DECAY TIME IS 100 FS
Info:     PISTON TEMPERATURE IS 300 K
Info:       PRESSURE CONTROL IS GROUP-BASED
Info:    INITIAL STRAIN RATE IS 0 0 0
Info:       CELL FLUCTUATION IS ISOTROPIC
Info: PARTICLE MESH EWALD (PME) ACTIVE
Info: PME TOLERANCE               1e-06
Info: PME EWALD COEFFICIENT       0.257952
Info: PME INTERPOLATION ORDER     4
Info: PME GRID DIMENSIONS         112 112 80
Info: PME MAXIMUM GRID SPACING    1
Info: Attempting to read FFTW data from FFTW_NAMD_2.12_Linux-x86_64-netlrts.txt
Info: Optimizing 6 FFT steps.  1... 2... 3... 4... 5... 6...   Done.
Info: FULL ELECTROSTATIC EVALUATION FREQUENCY      2
Info: USING VERLET I (r-RESPA) MTS SCHEME.
Info: C1 SPLITTING OF LONG RANGE ELECTROSTATICS
Info: PLACING ATOMS IN PATCHES BY HYDROGEN GROUPS
Info: RIGID BONDS TO HYDROGEN : ALL
Info:         ERROR TOLERANCE : 1e-08
Info:          MAX ITERATIONS : 100
Info: RIGID WATER USING SETTLE ALGORITHM
Info: RANDOM NUMBER SEED     1516382658
Info: USE HYDROGEN BONDS?    NO
Info: COORDINATE PDB         ../../system/system.pdb
Info: STRUCTURE FILE         ../../system/system.psf
Info: PARAMETER file: CHARMM format! 
Info: PARAMETERS             ../../forcefield/par_all36m_prot.prm
Info: PARAMETERS             ../../forcefield/par_all36_na.prm
Info: PARAMETERS             ../../forcefield/par_all36_lipid.prm
Info: PARAMETERS             ../../forcefield/par_all36_carb.prm
Info: PARAMETERS             ../../forcefield/par_all36_cgenff.prm
Info: PARAMETERS             ../../forcefield/toppar_water_ions.str
Info: USING ARITHMETIC MEAN TO COMBINE L-J SIGMA PARAMETERS
Info: SKIPPING rtf SECTION IN STREAM FILE
Info: SUMMARY OF PARAMETERS:
Info: 933 BONDS
Info: 2721 ANGLES
Info: 6679 DIHEDRAL
Info: 193 IMPROPER
Info: 6 CROSSTERM
Info: 352 VDW
Info: 17 VDW_PAIRS
Info: 0 NBTHOLE_PAIRS
[11] Stack Traceback:
  [11:0] __poll+0x10  [0x7fee67b06de0]
  [11:1]   [0x14459d8]
  [11:2]   [0x14476c4]
  [11:3]   [0x143cc38]
  [11:4]   [0x1458515]
  [11:5]   [0x144f309]
  [11:6]   [0x529ad0]
  [11:7]   [0x51db02]
  [11:8] __libc_start_main+0xf5  [0x7fee67a3bb35]
  [11:9]   [0x40e8d9]
[0] Stack Traceback:
  [0:0] +0x13b910  [0x7fc7de366910]
  [0:1]   [0xdf1bee]
  [0:2]   [0xd5967f]
  [0:3]   [0xd579d2]
  [0:4]   [0xdb365d]
  [0:5]   [0xdb7d8f]
  [0:6]   [0xee8c00]
  [0:7] TclInvokeStringCommand+0x88  [0x14ab798]
  [0:8]   [0x14ae2b0]
  [0:9]   [0x14f1093]
  [0:10]   [0x152be07]
  [0:11]   [0x14ae2b0]
  [0:12]   [0x14af696]
  [0:13]   [0x14afe76]
  [0:14]   [0x1511c81]
  [0:15]   [0x1511e3e]
  [0:16]   [0xee4ef0]
  [0:17]   [0x51dec1]
  [0:18] __libc_start_main+0xf5  [0x7fc7de24cb35]
  [0:19]   [0x40e8d9]
[2] Stack Traceback:
  [2:0] __poll+0x10  [0x7f94b0f7dde0]
  [2:1]   [0x14459d8]
  [2:2]   [0x14476c4]
  [2:3]   [0x143c98a]
  [2:4]   [0x144f36b]
  [2:5]   [0x529ad0]
  [2:6]   [0x51db02]
  [2:7] __libc_start_main+0xf5  [0x7f94b0eb2b35]
  [2:8]   [0x40e8d9]
[1] Stack Traceback:
  [1:0] __poll+0x10  [0x7fcfc8fe3de0]
  [1:1]   [0x14459d8]
  [1:2]   [0x14476c4]
  [1:3]   [0x143cc38]
  [1:4]   [0x1458515]
  [1:5]   [0x144f309]
  [1:6]   [0x529ad0]
  [1:7]   [0x51db02]
  [1:8] __libc_start_main+0xf5  [0x7fcfc8f18b35]
  [1:9]   [0x40e8d9]
[15] Stack Traceback:
  [15:0] __poll+0x10  [0x7f1d4528ede0]
  [15:1]   [0x14459d8]
  [15:2]   [0x14476c4]
  [15:3]   [0x143cc38]
  [15:4]   [0x1458515]
  [15:5]   [0x144f309]
  [15:6]   [0x529ad0]
  [15:7]   [0x51db02]
  [15:8] __libc_start_main+0xf5  [0x7f1d451c3b35]
  [15:9]   [0x40e8d9]
[13] Stack Traceback:
  [13:0] __poll+0x10  [0x7f3b45847de0]
  [13:1]   [0x14459d8]
  [13:2]   [0x14476c4]
  [13:3]   [0x143cc38]
  [13:4]   [0x1458515]
  [13:5]   [0x144f309]
  [13:6]   [0x529ad0]
  [13:7]   [0x51db02]
  [13:8] __libc_start_main+0xf5  [0x7f3b4577cb35]
  [13:9]   [0x40e8d9]
[3] Stack Traceback:
  [3:0] __poll+0x10  [0x7f61ab77fde0]
  [3:1]   [0x14459d8]
  [3:2]   [0x14476c4]
  [3:3]   [0x143cc38]
  [3:4]   [0x1458515]
  [3:5]   [0x144f309]
  [3:6]   [0x529ad0]
  [3:7]   [0x51db02]
  [3:8] __libc_start_main+0xf5  [0x7f61ab6b4b35]
  [3:9]   [0x40e8d9]
[5] Stack Traceback:
  [5:0]   [0x14584df]
  [5:1]   [0x144f309]
  [5:2]   [0x529ad0]
  [5:3]   [0x51db02]
  [5:4] __libc_start_main+0xf5  [0x7f70621ebb35]
  [5:5]   [0x40e8d9]
[12] Stack Traceback:
  [12:0] __poll+0x10  [0x7fd4b3388de0]
  [12:1]   [0x14459d8]
  [12:2]   [0x14476c4]
  [12:3]   [0x143c98a]
  [12:4]   [0x144f36b]
  [12:5]   [0x529ad0]
  [12:6]   [0x51db02]
  [12:7] __libc_start_main+0xf5  [0x7fd4b32bdb35]
  [12:8]   [0x40e8d9]
[14] Stack Traceback:
  [14:0] [0x7fff0caacca0]
  [14:1]   [0x144e50f]
  [14:2]   [0x1458325]
  [14:3]   [0x144f309]
  [14:4]   [0x529ad0]
  [14:5]   [0x51db02]
  [14:6] __libc_start_main+0xf5  [0x7fcb2ec70b35]
  [14:7]   [0x40e8d9]
[4] Stack Traceback:
  [4:0] [0x7ffd787e1cd1]
  [4:1]   [0x14475ae]
  [4:2]   [0x143c98a]
  [4:3]   [0x144f36b]
  [4:4]   [0x529ad0]
  [4:5]   [0x51db02]
  [4:6] __libc_start_main+0xf5  [0x7fdcfb4b6b35]
  [4:7]   [0x40e8d9]
[10] Stack Traceback:
  [10:0] __poll+0x10  [0x7f0185b2ede0]
  [10:1]   [0x14459d8]
  [10:2]   [0x14476c4]
  [10:3]   [0x143cc38]
  [10:4]   [0x1458515]
  [10:5]   [0x144f309]
  [10:6]   [0x529ad0]
  [10:7]   [0x51db02]
  [10:8] __libc_start_main+0xf5  [0x7f0185a63b35]
  [10:9]   [0x40e8d9]
[8] Stack Traceback:
  [8:0] __poll+0x10  [0x7fbc42c03de0]
  [8:1]   [0x14459d8]
  [8:2]   [0x14476c4]
  [8:3]   [0x143c98a]
  [8:4]   [0x144f36b]
  [8:5]   [0x529ad0]
  [8:6]   [0x51db02]
  [8:7] __libc_start_main+0xf5  [0x7fbc42b38b35]
  [8:8]   [0x40e8d9]
[9] Stack Traceback:
  [9:0] __poll+0x10  [0x7f8dc9c97de0]
  [9:1]   [0x14459d8]
  [9:2]   [0x14476c4]
  [9:3]   [0x143c98a]
  [9:4]   [0x144f36b]
  [9:5]   [0x529ad0]
  [9:6]   [0x51db02]
  [9:7] __libc_start_main+0xf5  [0x7f8dc9bccb35]
  [9:8]   [0x40e8d9]
[6] Stack Traceback:
  [6:0] __poll+0x10  [0x7f571f022de0]
  [6:1]   [0x14459d8]
  [6:2]   [0x14476c4]
  [6:3]   [0x143cc38]
  [6:4]   [0x1458515]
  [6:5]   [0x144f309]
  [6:6]   [0x529ad0]
  [6:7]   [0x51db02]
  [6:8] __libc_start_main+0xf5  [0x7f571ef57b35]
  [6:9]   [0x40e8d9]
[7] Stack Traceback:
  [7:0] __poll+0x10  [0x7ff48fcf5de0]
  [7:1]   [0x14459d8]
  [7:2]   [0x14476c4]
  [7:3]   [0x143c98a]
  [7:4]   [0x144f36b]
  [7:5]   [0x529ad0]
  [7:6]   [0x51db02]
  [7:7] __libc_start_main+0xf5  [0x7ff48fc2ab35]
  [7:8]   [0x40e8d9]
